#
# A fatal error has been detected by the Java Runtime Environment:
#
#  Internal Error (safepoint.cpp:687), pid=4540, tid=6548
#  fatal error: Deadlock in safepoint code.  Should have called back to the VM before blocking.
#
# JRE version: 7.0_17-b02
# Java VM: Java HotSpot(TM) Client VM (23.7-b01 mixed mode, sharing windows-x86 )
# Failed to write core dump. Minidumps are not enabled by default on client versions of Windows
#
# If you would like to submit a bug report, please visit:
#   http://bugreport.sun.com/bugreport/crash.jsp
#

---------------  T H R E A D  ---------------

Current thread (0x07ae1400):  JavaThread "Thread-21" daemon [_thread_in_native_trans, id=6548, stack(0x07550000,0x075a0000)]

Stack: [0x07550000,0x075a0000],  sp=0x0759dde8,  free space=311k
Native frames: (J=compiled Java code, j=interpreted, Vv=VM code, C=native code)
V  [jvm.dll+0x16f261]
V  [jvm.dll+0x1693d6]
V  [jvm.dll+0x13825c]
V  [jvm.dll+0x147f26]
V  [jvm.dll+0x3dfd]
V  [jvm.dll+0xa455a]
C  [swt-win32-4234.dll+0x116c]  Java_org_eclipse_swt_internal_Callback_reset+0xe5
C  0x03780018
C  [USER32.dll+0x1c4e7]  gapfnScSendMessage+0x1cf
C  [USER32.dll+0x1c5e7]  gapfnScSendMessage+0x2cf
C  [USER32.dll+0x14f0e]  GetScrollBarInfo+0xfd
C  [USER32.dll+0x14f7d]  GetScrollBarInfo+0x16c
C  [ntdll.dll+0x46fce]  KiUserCallbackDispatcher+0x2e
C  [USER32.dll+0x164a1]  PeekMessageW+0x157
C  [ole32.dll+0x1cf70]  CoReleaseMarshalData+0x134e
C  [ole32.dll+0x1cfe5]  CoReleaseMarshalData+0x13c3
C  [ole32.dll+0x1d22c]  ObjectStublessClient12+0x11
C  [ole32.dll+0x22d31]  CoGetPSClsid+0x678
C  [ole32.dll+0x13d2f6]  WdtpInterfacePointer_UserUnmarshal+0x207f
C  [ole32.dll+0x13d098]  WdtpInterfacePointer_UserUnmarshal+0x1e21
C  [ole32.dll+0x13cef0]  WdtpInterfacePointer_UserUnmarshal+0x1c79
C  [ole32.dll+0x22cba]  CoGetPSClsid+0x601
C  [ole32.dll+0x39aa1]  CoRegisterMessageFilter+0x34a8
C  [ole32.dll+0x39b24]  CoRegisterMessageFilter+0x352b
C  [ole32.dll+0x13ce06]  WdtpInterfacePointer_UserUnmarshal+0x1b8f
C  [RPCRT4.dll+0x24926]  RpcMgmtSetCancelTimeout+0x107
C  [ole32.dll+0x13c8e2]  WdtpInterfacePointer_UserUnmarshal+0x166b
C  [ole32.dll+0x398ad]  CoRegisterMessageFilter+0x32b4
C  [ole32.dll+0x35d2c]  ObjectStublessClient4+0x4ff
C  [ole32.dll+0x3637b]  ObjectStublessClient6+0xfb
C  [ole32.dll+0x43170]  CoSetState+0xa6b
C  [ole32.dll+0x43098]  CoSetState+0x993
C  [ole32.dll+0x49e25]  CoCreateInstanceEx+0xd7
C  [ole32.dll+0x49d86]  CoCreateInstanceEx+0x38
C  [ole32.dll+0x49d3f]  CoCreateInstance+0x34
C  [ieframe.dll+0xe21d]  Ordinal172+0x2f23
C  [ieframe.dll+0x1cfc52]  Ordinal243+0xf8
C  [ieframe.dll+0x1401f4]  Ordinal159+0x119bd
C  [ieframe.dll+0x84f6c]  Ordinal153+0x5913
C  [ieframe.dll+0x12206b]  Ordinal160+0x2ef6
C  [ole32.dll+0x3bd44]  PropVariantCopy+0x37f
C  [ole32.dll+0x3a71d]  CoRegisterMessageFilter+0x4124
C  [ole32.dll+0x15d00]  StgOpenStorage+0x14f2
C  [ole32.dll+0x15ce1]  StgOpenStorage+0x14d3
C  [ole32.dll+0x15d3f]  StgOpenStorage+0x1531
C  [ole32.dll+0x48f82]  SetErrorInfo+0x70f
C  [ole32.dll+0x48ec3]  SetErrorInfo+0x650
C  [ole32.dll+0x49652]  SetErrorInfo+0xddf
C  [ole32.dll+0x488e8]  SetErrorInfo+0x75
C  [IMM32.DLL+0x3fb2]  CtfImmCoUninitialize+0x34
C  [ntdll.dll+0x5d690]  RtlClearBits+0x2d8
C  [ntdll.dll+0x2f684]  LdrShutdownThread+0x35
C  [ntdll.dll+0x2f632]  RtlExitUserThread+0x2a
C  [msvcr100.dll+0x5c6c2]  endthreadex+0x1e
C  [msvcr100.dll+0x5c6e4]  endthreadex+0x40
C  [msvcr100.dll+0x5c788]  endthreadex+0xe4
C  [kernel32.dll+0x4ed6c]  BaseThreadInitThunk+0x12
C  [ntdll.dll+0x6377b]  RtlInitializeExceptionChain+0xef
C  [ntdll.dll+0x6374e]  RtlInitializeExceptionChain+0xc2


---------------  P R O C E S S  ---------------

Java Threads: ( => current thread )
  0x07ae2000 JavaThread "Thread-0" daemon [_thread_in_native, id=6276, stack(0x058b0000,0x05900000)]
=>0x07ae1400 JavaThread "Thread-21" daemon [_thread_in_native_trans, id=6548, stack(0x07550000,0x075a0000)]
  0x07ae0c00 JavaThread "Thread-20" [_thread_blocked, id=8004, stack(0x05a40000,0x05a90000)]
  0x03c21c00 JavaThread "AWT-EventQueue-1" [_thread_blocked, id=3652, stack(0x06cb0000,0x06d00000)]
  0x03c16400 JavaThread "TimerQueue" daemon [_thread_blocked, id=2164, stack(0x05e20000,0x05e70000)]
  0x0145b000 JavaThread "DestroyJavaVM" [_thread_blocked, id=6172, stack(0x01380000,0x013d0000)]
  0x03bd1400 JavaThread "AWT-EventQueue-0" [_thread_blocked, id=6692, stack(0x04210000,0x04260000)]
  0x03b64c00 JavaThread "AWT-Windows" daemon [_thread_in_native, id=7768, stack(0x03f10000,0x03f60000)]
  0x03b64400 JavaThread "AWT-Shutdown" [_thread_blocked, id=4704, stack(0x03da0000,0x03df0000)]
  0x03b61800 JavaThread "Java2D Disposer" daemon [_thread_blocked, id=6644, stack(0x035c0000,0x03610000)]
  0x01529400 JavaThread "Service Thread" daemon [_thread_blocked, id=4636, stack(0x03a10000,0x03a60000)]
  0x0151f400 JavaThread "C1 CompilerThread0" daemon [_thread_blocked, id=7324, stack(0x039a0000,0x039f0000)]
  0x0151d800 JavaThread "Attach Listener" daemon [_thread_blocked, id=8084, stack(0x03940000,0x03990000)]
  0x0151a400 JavaThread "Signal Dispatcher" daemon [_thread_blocked, id=3172, stack(0x03730000,0x03780000)]
  0x01509800 JavaThread "Finalizer" daemon [_thread_blocked, id=4480, stack(0x03800000,0x03850000)]
  0x01504c00 JavaThread "Reference Handler" daemon [_thread_blocked, id=4552, stack(0x03680000,0x036d0000)]

Other Threads:
  0x01503400 VMThread [stack: 0x03620000,0x03670000] [id=2304]
  0x01545400 WatcherThread [stack: 0x038b0000,0x03900000] [id=1484]

VM state:synchronizing (normal execution)

VM Mutex/Monitor currently owned by a thread:  ([mutex/lock_event])
[0x01458c20] Threads_lock - owner thread: 0x01503400

Heap
 def new generation   total 4928K, used 3223K [0x23890000, 0x23de0000, 0x28de0000)
  eden space 4416K,  72% used [0x23890000, 0x23bb3ef0, 0x23ce0000)
  from space 512K,   1% used [0x23ce0000, 0x23ce2060, 0x23d60000)
  to   space 512K,   0% used [0x23d60000, 0x23d60000, 0x23de0000)
 tenured generation   total 10944K, used 1627K [0x28de0000, 0x29890000, 0x33890000)
   the space 10944K,  14% used [0x28de0000, 0x28f76fd8, 0x28f77000, 0x29890000)
 compacting perm gen  total 12288K, used 2654K [0x33890000, 0x34490000, 0x37890000)
   the space 12288K,  21% used [0x33890000, 0x33b27ae0, 0x33b27c00, 0x34490000)
    ro space 10240K,  42% used [0x37890000, 0x37cd1d60, 0x37cd1e00, 0x38290000)
    rw space 12288K,  54% used [0x38290000, 0x38912928, 0x38912a00, 0x38e90000)

Card table byte_map: [0x01240000,0x012f0000] byte_map_base: 0x01123b80

Polling page: 0x001c0000

Code Cache  [0x01560000, 0x01720000, 0x03560000)
 total_blobs=1062 nmethods=814 adapters=182 free_code_cache=30977Kb largest_free_block=31719872

Compilation events (10 events):
Event: 435.019 Thread 0x0151f400  809   !         org.eclipse.swt.widgets.EventTable::sendEvent (253 bytes)
Event: 435.020 Thread 0x0151f400 nmethod 809 0x0171a008 code [0x0171a1a0, 0x0171a8cc]
Event: 435.051 Thread 0x0151f400  811             org.eclipse.swt.ole.win32.OleAutomation::manageExcepinfo (230 bytes)
Event: 435.052 Thread 0x0151f400 nmethod 811 0x0171bbc8 code [0x0171be20, 0x0171d7fc]
Event: 435.052 Thread 0x0151f400  812             org.eclipse.swt.ole.win32.OleAutomation::getIDsOfNames (35 bytes)
Event: 435.053 Thread 0x0151f400 nmethod 812 0x0171e5c8 code [0x0171e6e0, 0x0171e93c]
Event: 435.053 Thread 0x0151f400  814             org.eclipse.swt.ole.win32.OleAutomation::getProperty (28 bytes)
Event: 435.053 Thread 0x0151f400 nmethod 814 0x0171ea88 code [0x0171eb90, 0x0171ec9c]
Event: 436.705 Thread 0x0151f400  815   !         java.awt.KeyboardFocusManager::clearMostRecentFocusOwner (111 bytes)
Event: 436.706 Thread 0x0151f400 nmethod 815 0x0171ed48 code [0x0171eee0, 0x0171f7c0]

GC Heap History (10 events):
Event: 390.710 GC heap before
{Heap before GC invocations=37 (full 0):
 def new generation   total 4928K, used 4424K [0x23890000, 0x23de0000, 0x28de0000)
  eden space 4416K, 100% used [0x23890000, 0x23ce0000, 0x23ce0000)
  from space 512K,   1% used [0x23d60000, 0x23d62310, 0x23de0000)
  to   space 512K,   0% used [0x23ce0000, 0x23ce0000, 0x23d60000)
 tenured generation   total 10944K, used 1627K [0x28de0000, 0x29890000, 0x33890000)
   the space 10944K,  14% used [0x28de0000, 0x28f76fd8, 0x28f77000, 0x29890000)
 compacting perm gen  total 12288K, used 2645K [0x33890000, 0x34490000, 0x37890000)
   the space 12288K,  21% used [0x33890000, 0x33b257f0, 0x33b25800, 0x34490000)
    ro space 10240K,  42% used [0x37890000, 0x37cd1d60, 0x37cd1e00, 0x38290000)
    rw space 12288K,  54% used [0x38290000, 0x38912928, 0x38912a00, 0x38e90000)
Event: 390.711 GC heap after
Heap after GC invocations=38 (full 0):
 def new generation   total 4928K, used 8K [0x23890000, 0x23de0000, 0x28de0000)
  eden space 4416K,   0% used [0x23890000, 0x23890000, 0x23ce0000)
  from space 512K,   1% used [0x23ce0000, 0x23ce23d0, 0x23d60000)
  to   space 512K,   0% used [0x23d60000, 0x23d60000, 0x23de0000)
 tenured generation   total 10944K, used 1627K [0x28de0000, 0x29890000, 0x33890000)
   the space 10944K,  14% used [0x28de0000, 0x28f76fd8, 0x28f77000, 0x29890000)
 compacting perm gen  total 12288K, used 2645K [0x33890000, 0x34490000, 0x37890000)
   the space 12288K,  21% used [0x33890000, 0x33b257f0, 0x33b25800, 0x34490000)
    ro space 10240K,  42% used [0x37890000, 0x37cd1d60, 0x37cd1e00, 0x38290000)
    rw space 12288K,  54% used [0x38290000, 0x38912928, 0x38912a00, 0x38e90000)
}
Event: 390.734 GC heap before
{Heap before GC invocations=38 (full 0):
 def new generation   total 4928K, used 4424K [0x23890000, 0x23de0000, 0x28de0000)
  eden space 4416K, 100% used [0x23890000, 0x23ce0000, 0x23ce0000)
  from space 512K,   1% used [0x23ce0000, 0x23ce23d0, 0x23d60000)
  to   space 512K,   0% used [0x23d60000, 0x23d60000, 0x23de0000)
 tenured generation   total 10944K, used 1627K [0x28de0000, 0x29890000, 0x33890000)
   the space 10944K,  14% used [0x28de0000, 0x28f76fd8, 0x28f77000, 0x29890000)
 compacting perm gen  total 12288K, used 2645K [0x33890000, 0x34490000, 0x37890000)
   the space 12288K,  21% used [0x33890000, 0x33b257f0, 0x33b25800, 0x34490000)
    ro space 10240K,  42% used [0x37890000, 0x37cd1d60, 0x37cd1e00, 0x38290000)
    rw space 12288K,  54% used [0x38290000, 0x38912928, 0x38912a00, 0x38e90000)
Event: 390.734 GC heap after
Heap after GC invocations=39 (full 0):
 def new generation   total 4928K, used 8K [0x23890000, 0x23de0000, 0x28de0000)
  eden space 4416K,   0% used [0x23890000, 0x23890000, 0x23ce0000)
  from space 512K,   1% used [0x23d60000, 0x23d62338, 0x23de0000)
  to   space 512K,   0% used [0x23ce0000, 0x23ce0000, 0x23d60000)
 tenured generation   total 10944K, used 1627K [0x28de0000, 0x29890000, 0x33890000)
   the space 10944K,  14% used [0x28de0000, 0x28f76fd8, 0x28f77000, 0x29890000)
 compacting perm gen  total 12288K, used 2645K [0x33890000, 0x34490000, 0x37890000)
   the space 12288K,  21% used [0x33890000, 0x33b257f0, 0x33b25800, 0x34490000)
    ro space 10240K,  42% used [0x37890000, 0x37cd1d60, 0x37cd1e00, 0x38290000)
    rw space 12288K,  54% used [0x38290000, 0x38912928, 0x38912a00, 0x38e90000)
}
Event: 390.748 GC heap before
{Heap before GC invocations=39 (full 0):
 def new generation   total 4928K, used 4424K [0x23890000, 0x23de0000, 0x28de0000)
  eden space 4416K, 100% used [0x23890000, 0x23ce0000, 0x23ce0000)
  from space 512K,   1% used [0x23d60000, 0x23d62338, 0x23de0000)
  to   space 512K,   0% used [0x23ce0000, 0x23ce0000, 0x23d60000)
 tenured generation   total 10944K, used 1627K [0x28de0000, 0x29890000, 0x33890000)
   the space 10944K,  14% used [0x28de0000, 0x28f76fd8, 0x28f77000, 0x29890000)
 compacting perm gen  total 12288K, used 2645K [0x33890000, 0x34490000, 0x37890000)
   the space 12288K,  21% used [0x33890000, 0x33b257f0, 0x33b25800, 0x34490000)
    ro space 10240K,  42% used [0x37890000, 0x37cd1d60, 0x37cd1e00, 0x38290000)
    rw space 12288K,  54% used [0x38290000, 0x38912928, 0x38912a00, 0x38e90000)
Event: 390.749 GC heap after
Heap after GC invocations=40 (full 0):
 def new generation   total 4928K, used 9K [0x23890000, 0x23de0000, 0x28de0000)
  eden space 4416K,   0% used [0x23890000, 0x23890000, 0x23ce0000)
  from space 512K,   1% used [0x23ce0000, 0x23ce25c8, 0x23d60000)
  to   space 512K,   0% used [0x23d60000, 0x23d60000, 0x23de0000)
 tenured generation   total 10944K, used 1627K [0x28de0000, 0x29890000, 0x33890000)
   the space 10944K,  14% used [0x28de0000, 0x28f76fd8, 0x28f77000, 0x29890000)
 compacting perm gen  total 12288K, used 2645K [0x33890000, 0x34490000, 0x37890000)
   the space 12288K,  21% used [0x33890000, 0x33b257f0, 0x33b25800, 0x34490000)
    ro space 10240K,  42% used [0x37890000, 0x37cd1d60, 0x37cd1e00, 0x38290000)
    rw space 12288K,  54% used [0x38290000, 0x38912928, 0x38912a00, 0x38e90000)
}
Event: 391.991 GC heap before
{Heap before GC invocations=40 (full 0):
 def new generation   total 4928K, used 4425K [0x23890000, 0x23de0000, 0x28de0000)
  eden space 4416K, 100% used [0x23890000, 0x23ce0000, 0x23ce0000)
  from space 512K,   1% used [0x23ce0000, 0x23ce25c8, 0x23d60000)
  to   space 512K,   0% used [0x23d60000, 0x23d60000, 0x23de0000)
 tenured generation   total 10944K, used 1627K [0x28de0000, 0x29890000, 0x33890000)
   the space 10944K,  14% used [0x28de0000, 0x28f76fd8, 0x28f77000, 0x29890000)
 compacting perm gen  total 12288K, used 2646K [0x33890000, 0x34490000, 0x37890000)
   the space 12288K,  21% used [0x33890000, 0x33b25830, 0x33b25a00, 0x34490000)
    ro space 10240K,  42% used [0x37890000, 0x37cd1d60, 0x37cd1e00, 0x38290000)
    rw space 12288K,  54% used [0x38290000, 0x38912928, 0x38912a00, 0x38e90000)
Event: 391.992 GC heap after
Heap after GC invocations=41 (full 0):
 def new generation   total 4928K, used 8K [0x23890000, 0x23de0000, 0x28de0000)
  eden space 4416K,   0% used [0x23890000, 0x23890000, 0x23ce0000)
  from space 512K,   1% used [0x23d60000, 0x23d62210, 0x23de0000)
  to   space 512K,   0% used [0x23ce0000, 0x23ce0000, 0x23d60000)
 tenured generation   total 10944K, used 1627K [0x28de0000, 0x29890000, 0x33890000)
   the space 10944K,  14% used [0x28de0000, 0x28f76fd8, 0x28f77000, 0x29890000)
 compacting perm gen  total 12288K, used 2646K [0x33890000, 0x34490000, 0x37890000)
   the space 12288K,  21% used [0x33890000, 0x33b25830, 0x33b25a00, 0x34490000)
    ro space 10240K,  42% used [0x37890000, 0x37cd1d60, 0x37cd1e00, 0x38290000)
    rw space 12288K,  54% used [0x38290000, 0x38912928, 0x38912a00, 0x38e90000)
}
Event: 392.015 GC heap before
{Heap before GC invocations=41 (full 0):
 def new generation   total 4928K, used 4424K [0x23890000, 0x23de0000, 0x28de0000)
  eden space 4416K, 100% used [0x23890000, 0x23ce0000, 0x23ce0000)
  from space 512K,   1% used [0x23d60000, 0x23d62210, 0x23de0000)
  to   space 512K,   0% used [0x23ce0000, 0x23ce0000, 0x23d60000)
 tenured generation   total 10944K, used 1627K [0x28de0000, 0x29890000, 0x33890000)
   the space 10944K,  14% used [0x28de0000, 0x28f76fd8, 0x28f77000, 0x29890000)
 compacting perm gen  total 12288K, used 2646K [0x33890000, 0x34490000, 0x37890000)
   the space 12288K,  21% used [0x33890000, 0x33b25830, 0x33b25a00, 0x34490000)
    ro space 10240K,  42% used [0x37890000, 0x37cd1d60, 0x37cd1e00, 0x38290000)
    rw space 12288K,  54% used [0x38290000, 0x38912928, 0x38912a00, 0x38e90000)
Event: 392.015 GC heap after
Heap after GC invocations=42 (full 0):
 def new generation   total 4928K, used 8K [0x23890000, 0x23de0000, 0x28de0000)
  eden space 4416K,   0% used [0x23890000, 0x23890000, 0x23ce0000)
  from space 512K,   1% used [0x23ce0000, 0x23ce2060, 0x23d60000)
  to   space 512K,   0% used [0x23d60000, 0x23d60000, 0x23de0000)
 tenured generation   total 10944K, used 1627K [0x28de0000, 0x29890000, 0x33890000)
   the space 10944K,  14% used [0x28de0000, 0x28f76fd8, 0x28f77000, 0x29890000)
 compacting perm gen  total 12288K, used 2646K [0x33890000, 0x34490000, 0x37890000)
   the space 12288K,  21% used [0x33890000, 0x33b25830, 0x33b25a00, 0x34490000)
    ro space 10240K,  42% used [0x37890000, 0x37cd1d60, 0x37cd1e00, 0x38290000)
    rw space 12288K,  54% used [0x38290000, 0x38912928, 0x38912a00, 0x38e90000)
}

Deoptimization events (0 events):
No events

Internal exceptions (10 events):
Event: 1.658 Thread 0x03cd3800 Threw 0x239cdc40 at C:\jdk7u2_32P\jdk7u17\hotspot\src\share\vm\prims\jvm.cpp:1166
Event: 1.668 Thread 0x03cd3800 Threw 0x239d4948 at C:\jdk7u2_32P\jdk7u17\hotspot\src\share\vm\prims\jvm.cpp:1166
Event: 1.672 Thread 0x03cd3800 Threw 0x239d88a0 at C:\jdk7u2_32P\jdk7u17\hotspot\src\share\vm\prims\jvm.cpp:1166
Event: 1.677 Thread 0x03cd3800 Threw 0x239dd260 at C:\jdk7u2_32P\jdk7u17\hotspot\src\share\vm\prims\jvm.cpp:1166
Event: 1.683 Thread 0x03cd3800 Threw 0x239e2f40 at C:\jdk7u2_32P\jdk7u17\hotspot\src\share\vm\prims\jvm.cpp:1166
Event: 1.718 Thread 0x03cd3800 Threw 0x239ec358 at C:\jdk7u2_32P\jdk7u17\hotspot\src\share\vm\prims\jvm.cpp:1166
Event: 3.998 Thread 0x03cd3800 Threw 0x23a3fec0 at C:\jdk7u2_32P\jdk7u17\hotspot\src\share\vm\prims\jvm.cpp:1166
Event: 78.553 Thread 0x03cd3800 Threw 0x23a68bb8 at C:\jdk7u2_32P\jdk7u17\hotspot\src\share\vm\prims\jvm.cpp:1166
Event: 362.620 Thread 0x03cd3800 Threw 0x23a6eab8 at C:\jdk7u2_32P\jdk7u17\hotspot\src\share\vm\prims\jvm.cpp:1166
Event: 365.979 Thread 0x03c21c00 Threw 0x23be9b30 at C:\jdk7u2_32P\jdk7u17\hotspot\src\share\vm\prims\jvm.cpp:1166

Events (10 events):
Event: 436.705 loading class 0x38f47030 done
Event: 436.709 Thread 0x03bc8400 Thread exited: 0x03bc8400
Event: 436.709 loading class 0x38ea0440
Event: 436.709 loading class 0x38ea0440 done
Event: 436.726 Thread 0x03cd3800 Thread exited: 0x03cd3800
Event: 436.729 Thread 0x07ae1400 Thread added: 0x07ae1400
Event: 436.735 Thread 0x07ae1c00 Thread added: 0x07ae1c00
Event: 436.735 Thread 0x07ae2000 Thread added: 0x07ae2000
Event: 436.735 Thread 0x03c04400 Thread exited: 0x03c04400
Event: 436.735 Thread 0x07ae1c00 Thread exited: 0x07ae1c00


Dynamic libraries:
0x01300000 - 0x0132f000 	C:\Program Files\Java\jre7\bin\javaw.exe
0x76ef0000 - 0x7702c000 	C:\Windows\SYSTEM32\ntdll.dll
0x761f0000 - 0x762c4000 	C:\Windows\system32\kernel32.dll
0x75100000 - 0x7514b000 	C:\Windows\system32\KERNELBASE.dll
0x76070000 - 0x76110000 	C:\Windows\system32\ADVAPI32.dll
0x76700000 - 0x767ac000 	C:\Windows\system32\msvcrt.dll
0x763a0000 - 0x763b9000 	C:\Windows\SYSTEM32\sechost.dll
0x76880000 - 0x76921000 	C:\Windows\system32\RPCRT4.dll
0x767b0000 - 0x76879000 	C:\Windows\system32\USER32.dll
0x76110000 - 0x7615e000 	C:\Windows\system32\GDI32.dll
0x76160000 - 0x7616a000 	C:\Windows\system32\LPK.dll
0x75380000 - 0x7541d000 	C:\Windows\system32\USP10.dll
0x73a60000 - 0x73bfe000 	C:\Windows\WinSxS\x86_microsoft.windows.common-controls_6595b64144ccf1df_6.0.7601.17514_none_41e6975e2bd6f2b2\COMCTL32.dll
0x76c50000 - 0x76ca7000 	C:\Windows\system32\SHLWAPI.dll
0x761d0000 - 0x761ef000 	C:\Windows\system32\IMM32.DLL
0x77050000 - 0x7711c000 	C:\Windows\system32\MSCTF.dll
0x68a80000 - 0x68b3e000 	C:\Program Files\Java\jre7\bin\msvcr100.dll
0x679d0000 - 0x67d1c000 	C:\Program Files\Java\jre7\bin\client\jvm.dll
0x71ed0000 - 0x71ed7000 	C:\Windows\system32\WSOCK32.dll
0x763c0000 - 0x763f5000 	C:\Windows\system32\WS2_32.dll
0x77030000 - 0x77036000 	C:\Windows\system32\NSI.dll
0x71fa0000 - 0x71fd2000 	C:\Windows\system32\WINMM.dll
0x77040000 - 0x77045000 	C:\Windows\system32\PSAPI.DLL
0x72a40000 - 0x72a4c000 	C:\Program Files\Java\jre7\bin\verify.dll
0x6a980000 - 0x6a9a0000 	C:\Program Files\Java\jre7\bin\java.dll
0x6a960000 - 0x6a973000 	C:\Program Files\Java\jre7\bin\zip.dll
0x65d20000 - 0x65e62000 	C:\Program Files\Java\jre7\bin\awt.dll
0x76300000 - 0x7638f000 	C:\Windows\system32\OLEAUT32.dll
0x76af0000 - 0x76c4c000 	C:\Windows\system32\ole32.dll
0x73760000 - 0x73773000 	C:\Windows\system32\DWMAPI.DLL
0x73dd0000 - 0x73e10000 	C:\Windows\system32\uxtheme.dll
0x75000000 - 0x7500c000 	C:\Windows\system32\CRYPTBASE.dll
0x65b50000 - 0x65d13000 	C:\Windows\system32\d3d9.dll
0x74570000 - 0x74579000 	C:\Windows\system32\VERSION.dll
0x73cd0000 - 0x73cd6000 	C:\Windows\system32\d3d8thk.dll
0x65740000 - 0x65b45000 	C:\Windows\system32\atiumdag.dll
0x65290000 - 0x65734000 	C:\Windows\system32\atiumdva.dll
0x6dea0000 - 0x6deca000 	C:\Program Files\Java\jre7\bin\fontmanager.dll
0x6a940000 - 0x6a954000 	C:\Program Files\Java\jre7\bin\net.dll
0x74ac0000 - 0x74afc000 	C:\Windows\system32\mswsock.dll
0x74ab0000 - 0x74ab6000 	C:\Windows\System32\wship6.dll
0x6dc50000 - 0x6dc5e000 	C:\Program Files\Java\jre7\bin\nio.dll
0x69dc0000 - 0x69df1000 	C:\Program Files\Java\jre7\bin\t2k.dll
0x75420000 - 0x7606a000 	C:\Windows\system32\SHELL32.dll
0x76620000 - 0x766a3000 	C:\Windows\system32\CLBCatQ.DLL
0x70810000 - 0x7090b000 	C:\Windows\system32\WindowsCodecs.dll
0x74f80000 - 0x74fcc000 	C:\Windows\system32\apphelp.dll
0x731d0000 - 0x731e2000 	C:\Program Files\Common Files\TortoiseOverlays\TortoiseOverlays.dll
0x73470000 - 0x7347d000 	C:\Program Files\TortoiseSVN\bin\TortoiseStub32.dll
0x71b60000 - 0x71bcb000 	C:\Program Files\TortoiseSVN\bin\TortoiseSVN32.dll
0x76cb0000 - 0x76dcb000 	C:\Windows\system32\WININET.dll
0x76390000 - 0x76393000 	C:\Windows\system32\Normaliz.dll
0x76930000 - 0x76ae9000 	C:\Windows\system32\iertutil.dll
0x76dd0000 - 0x76ee1000 	C:\Windows\system32\urlmon.dll
0x6d520000 - 0x6d810000 	C:\Program Files\TortoiseSVN\bin\libsvn_tsvn32.dll
0x731a0000 - 0x731c4000 	C:\Program Files\TortoiseSVN\bin\libapr_tsvn32.dll
0x72ec0000 - 0x72ef6000 	C:\Program Files\TortoiseSVN\bin\libaprutil_tsvn32.dll
0x766b0000 - 0x766f5000 	C:\Windows\system32\WLDAP32.dll
0x73190000 - 0x7319d000 	C:\Program Files\TortoiseSVN\bin\intl3_tsvn32.dll
0x72d70000 - 0x72d83000 	C:\Program Files\TortoiseSVN\bin\libsasl32.dll
0x74f40000 - 0x74f48000 	C:\Windows\system32\Secur32.dll
0x74f60000 - 0x74f7b000 	C:\Windows\system32\SSPICLI.DLL
0x75210000 - 0x7532e000 	C:\Windows\system32\CRYPT32.dll
0x750f0000 - 0x750fc000 	C:\Windows\system32\MSASN1.dll
0x6e660000 - 0x6e6c9000 	C:\Windows\system32\MSVCP100.dll
0x72a50000 - 0x72a81000 	C:\Windows\system32\EhStorShell.dll
0x76400000 - 0x7659d000 	C:\Windows\system32\SETUPAPI.dll
0x751e0000 - 0x75207000 	C:\Windows\system32\CFGMGR32.dll
0x75330000 - 0x75342000 	C:\Windows\system32\DEVOBJ.dll
0x74240000 - 0x74335000 	C:\Windows\system32\PROPSYS.dll
0x6a450000 - 0x6a856000 	C:\PROGRA~1\MICROS~1\Office14\GROOVEEX.DLL
0x6efe0000 - 0x6f083000 	C:\Windows\WinSxS\x86_microsoft.vc90.crt_1fc8b3b9a1e18e3b_9.0.30729.6161_none_50934f2ebcb7eb57\MSVCR90.dll
0x70600000 - 0x7068e000 	C:\Windows\WinSxS\x86_microsoft.vc90.crt_1fc8b3b9a1e18e3b_9.0.30729.6161_none_50934f2ebcb7eb57\MSVCP90.dll
0x71190000 - 0x711bb000 	C:\Windows\WinSxS\x86_microsoft.vc90.atl_1fc8b3b9a1e18e3b_9.0.30729.6161_none_51cd0a7abbe4e19b\ATL90.DLL
0x6a030000 - 0x6a44a000 	C:\PROGRA~1\COMMON~1\MICROS~1\OFFICE14\Cultures\office.odf
0x68cb0000 - 0x69515000 	C:\PROGRA~1\MICROS~1\Office14\1033\GrooveIntlResource.dll
0x10000000 - 0x10070000 	C:\Users\muh5000\.swt\lib\win32\x86\swt-win32-4234.dll
0x765a0000 - 0x7661b000 	C:\Windows\system32\comdlg32.dll
0x71ae0000 - 0x71b31000 	C:\Windows\system32\WINSPOOL.DRV
0x73c10000 - 0x73c16000 	C:\Program Files\Java\jre7\bin\jawt.dll
0x03790000 - 0x0379e000 	C:\Users\muh5000\.swt\lib\win32\x86\swt-awt-win32-4234.dll
0x66740000 - 0x6708d000 	C:\Windows\System32\ieframe.dll
0x6d340000 - 0x6d37c000 	C:\Windows\System32\OLEACC.dll
0x74b00000 - 0x74b16000 	C:\Windows\system32\CRYPTSP.dll
0x748a0000 - 0x748db000 	C:\Windows\system32\rsaenh.dll
0x75010000 - 0x7506f000 	C:\Windows\system32\SXS.DLL
0x75070000 - 0x7507e000 	C:\Windows\system32\RpcRtRemote.dll
0x6e2f0000 - 0x6e2f7000 	C:\Windows\system32\msiltcfg.dll
0x6fdc0000 - 0x70000000 	C:\Windows\system32\msi.dll
0x75080000 - 0x7508b000 	C:\Windows\system32\profapi.dll
0x74980000 - 0x749c4000 	C:\Windows\system32\dnsapi.DLL
0x72be0000 - 0x72bfc000 	C:\Windows\system32\iphlpapi.DLL
0x72bd0000 - 0x72bd7000 	C:\Windows\system32\WINNSI.DLL
0x5f3c0000 - 0x5ff85000 	C:\Windows\System32\mshtml.dll
0x74540000 - 0x74561000 	C:\Windows\system32\ntmarta.dll
0x71a10000 - 0x71a1b000 	C:\Windows\system32\msimtf.dll
0x679a0000 - 0x679ce000 	C:\Windows\system32\MLANG.dll
0x705d0000 - 0x705fb000 	C:\Windows\system32\msls31.dll
0x68100000 - 0x681ba000 	C:\Windows\system32\d2d1.dll
0x68530000 - 0x6863b000 	C:\Windows\system32\DWrite.dll
0x72180000 - 0x72203000 	C:\Windows\system32\dxgi.dll
0x75350000 - 0x7537d000 	C:\Windows\system32\WINTRUST.dll
0x73830000 - 0x7385c000 	C:\Windows\system32\d3d10_1.dll
0x73570000 - 0x735aa000 	C:\Windows\system32\d3d10_1core.dll
0x68270000 - 0x6839c000 	C:\Windows\system32\D3D10Warp.dll
0x74340000 - 0x74379000 	C:\Windows\system32\MMDevAPI.DLL
0x6e240000 - 0x6e270000 	C:\Windows\system32\wdmaud.drv
0x72170000 - 0x72174000 	C:\Windows\system32\ksuser.dll
0x74230000 - 0x74237000 	C:\Windows\system32\AVRT.dll
0x71f10000 - 0x71f17000 	C:\Windows\system32\midimap.dll
0x73400000 - 0x73452000 	C:\Windows\system32\RASAPI32.dll
0x733e0000 - 0x733f5000 	C:\Windows\system32\rasman.dll
0x733d0000 - 0x733dd000 	C:\Windows\system32\rtutils.dll
0x6c5d0000 - 0x6c5d6000 	C:\Windows\system32\sensapi.dll
0x74600000 - 0x74605000 	C:\Windows\System32\wshtcpip.dll
0x74020000 - 0x74045000 	C:\Windows\system32\peerdist.dll
0x746d0000 - 0x746e7000 	C:\Windows\system32\USERENV.dll
0x74c70000 - 0x74c8b000 	C:\Windows\system32\AUTHZ.dll
0x740d0000 - 0x740e0000 	C:\Windows\system32\NLAapi.dll
0x68420000 - 0x68522000 	C:\Windows\system32\d3d10.dll
0x6b160000 - 0x6b193000 	C:\Windows\system32\d3d10core.dll
0x72c20000 - 0x72c26000 	C:\Windows\system32\rasadhlp.dll
0x650d0000 - 0x6528b000 	C:\Windows\System32\jscript9.dll
0x73730000 - 0x7375f000 	C:\Windows\system32\XmlLite.dll
0x73270000 - 0x7335b000 	C:\Windows\system32\dbghelp.dll

VM Arguments:
jvm_args: -Djava.library.path=E:\Psu\cmpsc 483w\org.eclipse.swt -Djava.security.policy=java.policy.applet -Dfile.encoding=Cp1252 
java_command: sun.applet.AppletViewer MainApplet1364492424804.html
Launcher Type: SUN_STANDARD

Environment Variables:
PATH=C:/Program Files/Java/jre7/bin/client;C:/Program Files/Java/jre7/bin;C:/Program Files/Java/jre7/lib/i386;C:\Windows\system32;C:\Windows;C:\Windows\System32\Wbem;C:\Windows\System32\WindowsPowerShell\v1.0\;c:\Program Files\Microsoft SQL Server\100\Tools\Binn\;c:\Program Files\Microsoft SQL Server\100\DTS\Binn\;C:\Program Files\MATLAB\R2012a\bin;C:\Program Files\MiKTeX 2.9\miktex\bin\;C:\Program Files\TortoiseSVN\bin;C:\Program Files\PharosSystems\Core;C:\Xilinx92i\bin\nt; C:\modeltech_10.1c\win32;C:\Program Files\Java\jdk1.7.0_05\bin;C:\eclipse;
USERNAME=muh5000
OS=Windows_NT
PROCESSOR_IDENTIFIER=x86 Family 6 Model 23 Stepping 10, GenuineIntel



---------------  S Y S T E M  ---------------

OS: Windows 7 Build 7601 Service Pack 1

CPU:total 2 (2 cores per cpu, 1 threads per core) family 6 model 23 stepping 10, cmov, cx8, fxsr, mmx, sse, sse2, sse3, ssse3, sse4.1, tsc

Memory: 4k page, physical 3405428k(1860208k free), swap 6809100k(4945488k free)

vm_info: Java HotSpot(TM) Client VM (23.7-b01) for windows-x86 JRE (1.7.0_17-b02), built on Mar  1 2013 05:04:36 by "java_re" with unknown MS VC++:1600

time: Thu Mar 28 13:47:42 2013
elapsed time: 438 seconds

